... logging to /home/abhay/.ros/log/d9edc8ae-3f81-11ef-ae90-5527288c6d99/roslaunch-dell-desktop-175203.log
Checking log directory for disk usage. This may take a while.
Press Ctrl-C to interrupt
Done checking log file disk usage. Usage is <1GB.
]2;roscore
[1mstarted roslaunch server http://dell-desktop:45969/[0m
ros_comm version 1.16.0


SUMMARY
========

PARAMETERS
 * /rosdistro: noetic
 * /rosversion: 1.16.0

NODES

auto-starting new master
[1mprocess[master]: started with pid [175276][0m
[1mROS_MASTER_URI=http://dell-desktop:11311/[0m
]2;roscore http://dell-desktop:11311/
[1msetting /run_id to d9edc8ae-3f81-11ef-ae90-5527288c6d99[0m
[1mprocess[rosout-1]: started with pid [175317][0m
started core service [/rosout]
[rosout-1] killing on exit
[master] killing on exit
shutting down processing monitor...
... shutting down processing monitor complete
[1mdone[0m
